Building…
[2K[1A[2K[G  Preview     https://web-308l5h1iv-bojiangs-projects.vercel.app
Completing…
{
  "status": "ok",
  "deployment": {
    "id": "dpl_8eLZBtp16Tfd5LJgEtJ4YYvcH1zh",
    "url": "https://web-308l5h1iv-bojiangs-projects.vercel.app",
    "inspectorUrl": "https://vercel.com/bojiangs-projects/web/8eLZBtp16Tfd5LJgEtJ4YYvcH1zh",
    "readyState": "READY",
    "target": null,
    "deploymentApiUrl": "https://api.vercel.com/v13/deployments/dpl_8eLZBtp16Tfd5LJgEtJ4YYvcH1zh"
  },
  "message": "Deployment web-308l5h1iv-bojiangs-projects.vercel.app ready.",
  "next": [
    {
      "command": "vercel inspect web-308l5h1iv-bojiangs-projects.vercel.app",
      "when": "Inspect deployment"
    },
    {
      "command": "vercel deploy --prod",
      "when": "Promote to production"
    }
  ]
}
