Collected static files (public/, static/, .next/static): 8.809ms
Build Completed in /vercel/output [48s]
Deploying outputs...
Deployment completed
Creating build cache...
[2K[1A[2K[G▲ Production  https://web-abso9zwp6-bojiangs-projects.vercel.app
Completing…
▲ Aliased     https://web-mu-sandy-78.vercel.app
{
  "status": "ok",
  "deployment": {
    "id": "dpl_A9u6j1xDJzaT2Ph5Tr6PAh3zVdEA",
    "url": "https://web-abso9zwp6-bojiangs-projects.vercel.app",
    "inspectorUrl": "https://vercel.com/bojiangs-projects/web/A9u6j1xDJzaT2Ph5Tr6PAh3zVdEA",
    "readyState": "READY",
    "target": "production",
    "deploymentApiUrl": "https://api.vercel.com/v13/deployments/dpl_A9u6j1xDJzaT2Ph5Tr6PAh3zVdEA"
  },
  "message": "Deployment web-abso9zwp6-bojiangs-projects.vercel.app ready.",
  "next": [
    {
      "command": "vercel inspect web-abso9zwp6-bojiangs-projects.vercel.app",
      "when": "Inspect deployment"
    },
    {
      "command": "vercel deploy --prod",
      "when": "Promote to production"
    }
  ]
}
