Phase 2 Step 11 — Vercel preview deploy log (Session 43 · 2026-05-20)

$ cd apps/web && vercel deploy --yes
Deploying outputs...
  Preview     https://web-rma5q75rl-bojiangs-projects.vercel.app
Completing…
{
  "status": "ok",
  "deployment": {
    "id": "dpl_Bwmg2eWy5znH8Mj9fvmaxWkkd1ft",
    "url": "https://web-rma5q75rl-bojiangs-projects.vercel.app",
    "inspectorUrl": "https://vercel.com/bojiangs-projects/web/Bwmg2eWy5znH8Mj9fvmaxWkkd1ft",
    "readyState": "READY",
    "target": null,
    "deploymentApiUrl": "https://api.vercel.com/v13/deployments/dpl_Bwmg2eWy5znH8Mj9fvmaxWkkd1ft"
  },
  "message": "Deployment web-rma5q75rl-bojiangs-projects.vercel.app ready.",
  "next": [
    { "command": "vercel inspect web-rma5q75rl-bojiangs-projects.vercel.app", "when": "Inspect deployment" },
    { "command": "vercel deploy --prod", "when": "Promote to production" }
  ]
}
