Phase 2 Step 11 — Vercel PROD deploy log (Session 43 · 2026-05-20)

$ cd apps/web && vercel deploy --prod --yes
Traced Next.js server files in: 61.858ms
Created all serverless functions in: 421.367ms
Collected static files (public/, static/, .next/static): 3.776ms
Build Completed in /vercel/output [38s]
Deploying outputs...
▲ Production  https://web-go93xk5gn-bojiangs-projects.vercel.app
Completing…
▲ Aliased     https://web-mu-sandy-78.vercel.app
{
  "status": "ok",
  "deployment": {
    "id": "dpl_AyCo8xTiHLHSnbWbNeEmFFtZwAXt",
    "url": "https://web-go93xk5gn-bojiangs-projects.vercel.app",
    "inspectorUrl": "https://vercel.com/bojiangs-projects/web/AyCo8xTiHLHSnbWbNeEmFFtZwAXt",
    "readyState": "READY",
    "target": "production",
    "deploymentApiUrl": "https://api.vercel.com/v13/deployments/dpl_AyCo8xTiHLHSnbWbNeEmFFtZwAXt"
  },
  "message": "Deployment web-go93xk5gn-bojiangs-projects.vercel.app ready."
}

---

Firewall post-promote probes on canonical (D-097 gating verified):

$ curl -s -I https://web-mu-sandy-78.vercel.app/glossary
HTTP/2 401
www-authenticate: Basic realm="IT Passport Learning firewall"

$ curl -s -I -X POST -H "Content-Type: application/json" https://web-mu-sandy-78.vercel.app/api/glossary/hover
HTTP/2 401
www-authenticate: Basic realm="IT Passport Learning firewall"

Both /glossary (page) and /api/glossary/hover (POST) are gated correctly on
the production canonical. No firewall bypass on Step 11 routes; existing
endpoints unaffected.
